<?xml version="1.0" encoding="UTF-8"?>
<!-- Generated by org.testng.reporters.JUnitReportReporter -->
<testsuite hostname="LAPTOP-G8HUGMUK" failures="0" tests="5" name="com.OrangeHRMApplicationIntegrated.OrangeHRM_Login_Page" time="55.969" errors="0" timestamp="2024-03-05T12:16:41 IST" skipped="0">
  <testcase classname="com.OrangeHRMApplicationIntegrated.OrangeHRM_Login_Page" name="excel_TestData" time="1.034"/>
  <system-out/>
  <testcase classname="com.OrangeHRMApplicationIntegrated.OrangeHRM_Login_Page" name="login_PageValidation" time="54.863"/>
  <system-out/>
  <testcase classname="com.OrangeHRMApplicationIntegrated.OrangeHRM_Login_Page" name="loginPageText_Validation" time="0.009"/>
  <system-out/>
  <testcase classname="com.OrangeHRMApplicationIntegrated.OrangeHRM_Login_Page" name="loginPageTitle_Validation" time="0.008"/>
  <system-out/>
  <testcase classname="com.OrangeHRMApplicationIntegrated.OrangeHRM_Login_Page" name="homePageText_Validation" time="0.055"/>
  <system-out/>
</testsuite> <!-- com.OrangeHRMApplicationIntegrated.OrangeHRM_Login_Page -->
