<?xml version="1.0" encoding="UTF-8"?>
<!-- Generated by org.testng.reporters.JUnitReportReporter -->
<testsuite hostname="LAPTOP-G8HUGMUK" failures="0" tests="15" name="com.OrangeHRMApplicationIntegrated.OrangeHRM_Add_Employee_Page" time="50.490" errors="0" timestamp="2024-03-05T12:16:41 IST" skipped="0">
  <testcase classname="com.OrangeHRMApplicationIntegrated.OrangeHRM_Add_Employee_Page" name="excel_TestData" time="0.905"/>
  <system-out/>
  <testcase classname="com.OrangeHRMApplicationIntegrated.OrangeHRM_Add_Employee_Page" name="login_PageValidation" time="6.923"/>
  <system-out/>
  <testcase classname="com.OrangeHRMApplicationIntegrated.OrangeHRM_Add_Employee_Page" name="loginPageText_Validation" time="0.008"/>
  <system-out/>
  <testcase classname="com.OrangeHRMApplicationIntegrated.OrangeHRM_Add_Employee_Page" name="PIM" time="0.464"/>
  <system-out/>
  <testcase classname="com.OrangeHRMApplicationIntegrated.OrangeHRM_Add_Employee_Page" name="addEmployee" time="8.615"/>
  <system-out/>
  <testcase classname="com.OrangeHRMApplicationIntegrated.OrangeHRM_Add_Employee_Page" name="loginPageTitle_Validation" time="0.009"/>
  <system-out/>
  <testcase classname="com.OrangeHRMApplicationIntegrated.OrangeHRM_Add_Employee_Page" name="homePageText_Validation" time="0.011"/>
  <system-out/>
  <testcase classname="com.OrangeHRMApplicationIntegrated.OrangeHRM_Add_Employee_Page" name="addEmployeePage" time="33.489"/>
  <system-out/>
  <testcase classname="com.OrangeHRMApplicationIntegrated.OrangeHRM_Add_Employee_Page" name="addEmployeeText_Validation" time="0.004"/>
  <system-out/>
  <testcase classname="com.OrangeHRMApplicationIntegrated.OrangeHRM_Add_Employee_Page" name="PersonalDetailsPageText_Validation" time="0.005"/>
  <system-out/>
  <testcase classname="com.OrangeHRMApplicationIntegrated.OrangeHRM_Add_Employee_Page" name="firstName_Validation" time="0.004"/>
  <system-out/>
  <testcase classname="com.OrangeHRMApplicationIntegrated.OrangeHRM_Add_Employee_Page" name="middleName_Validation" time="0.004"/>
  <system-out/>
  <testcase classname="com.OrangeHRMApplicationIntegrated.OrangeHRM_Add_Employee_Page" name="lastName_Validation" time="0.006"/>
  <system-out/>
  <testcase classname="com.OrangeHRMApplicationIntegrated.OrangeHRM_Add_Employee_Page" name="employeeID_Validation" time="0.005"/>
  <system-out/>
  <testcase classname="com.OrangeHRMApplicationIntegrated.OrangeHRM_Add_Employee_Page" name="loginPanelText_Validation" time="0.038"/>
  <system-out/>
</testsuite> <!-- com.OrangeHRMApplicationIntegrated.OrangeHRM_Add_Employee_Page -->
