<?xml version="1.0" encoding="UTF-8"?>
<!-- Generated by org.testng.reporters.JUnitReportReporter -->
<testsuite hostname="LAPTOP-G8HUGMUK" failures="0" tests="2" name="com.OrangeHRMApplicationIntegrated.OrangeHRM_Employee_List_Page" time="23.655" errors="0" timestamp="2024-03-05T12:16:41 IST" skipped="0">
  <testcase classname="com.OrangeHRMApplicationIntegrated.OrangeHRM_Employee_List_Page" name="employeeList" time="19.205"/>
  <system-out/>
  <testcase classname="com.OrangeHRMApplicationIntegrated.OrangeHRM_Employee_List_Page" name="employeeListData" time="4.450"/>
  <system-out/>
</testsuite> <!-- com.OrangeHRMApplicationIntegrated.OrangeHRM_Employee_List_Page -->
